Arguments: 
  C:\Program Files\nodejs\node.exe C:\Users\01\AppData\Roaming\npm\node_modules\yarn\bin\yarn.js init

PATH: 
  C:\Users\01\bin;C:\Program Files\Git\mingw64\bin;C:\Program Files\Git\usr\local\bin;C:\Program Files\Git\usr\bin;C:\Program Files\Git\usr\bin;C:\Program Files\Git\mingw64\bin;C:\Program Files\Git\usr\bin;C:\Users\01\bin;C:\Program Files\Common Files\Oracle\Java\javapath;C:\Python312\Scripts;C:\Python312;C:\WINDOWS\system32;C:\WINDOWS;C:\WINDOWS\System32\Wbem;C:\WINDOWS\System32\WindowsPowerShell\v1.0;C:\WINDOWS\System32\OpenSSH;C:\Program Files\nodejs;C:\ProgramData\chocolatey\bin;C:\Program Files\Git\cmd;%JAVA_HOME%\bin;C:\Android\cmdline-tools\tools\bin;C:\Android\platform-tools;C:\Users\01\AppData\Local\Microsoft\WindowsApps;C:\Users\01\AppData\Local\Programs\Microsoft VS Code\bin;C:\Users\01\AppData\Roaming\npm;C:\Program Files\Git\usr\bin\vendor_perl;C:\Program Files\Git\usr\bin\core_perl

Yarn version: 
  1.22.19

Node version: 
  20.9.0

Platform: 
  win32 x64

Trace: 
  Error: Can't answer a question unless a user TTY
      at ConsoleReporter.question (C:\Users\01\AppData\Roaming\npm\node_modules\yarn\lib\cli.js:92864:59)
      at Object.<anonymous> (C:\Users\01\AppData\Roaming\npm\node_modules\yarn\lib\cli.js:85054:38)
      at Generator.next (<anonymous>)
      at step (C:\Users\01\AppData\Roaming\npm\node_modules\yarn\lib\cli.js:310:30)
      at C:\Users\01\AppData\Roaming\npm\node_modules\yarn\lib\cli.js:321:13

npm manifest: 
  No manifest

yarn manifest: 
  No manifest

Lockfile: 
  No lockfile
